  Origem.cpp
C:\Users\MicaelPlayer\Desktop\Files\IFC\Grafica\alografico\alografico\Origem.cpp(46): warning C4244: '=': conversion from 'double' to 'GLfloat', possible loss of data
C:\Users\MicaelPlayer\Desktop\Files\IFC\Grafica\alografico\alografico\Origem.cpp(47): warning C4244: 'argument': conversion from 'double' to 'GLfloat', possible loss of data
C:\Users\MicaelPlayer\Desktop\Files\IFC\Grafica\alografico\alografico\Origem.cpp(61): warning C4244: '=': conversion from 'double' to 'GLfloat', possible loss of data
C:\Users\MicaelPlayer\Desktop\Files\IFC\Grafica\alografico\alografico\Origem.cpp(62): warning C4244: 'argument': conversion from 'double' to 'GLfloat', possible loss of data
C:\Users\MicaelPlayer\Desktop\Files\IFC\Grafica\alografico\alografico\Origem.cpp(77): warning C4244: '=': conversion from 'double' to 'GLfloat', possible loss of data
C:\Users\MicaelPlayer\Desktop\Files\IFC\Grafica\alografico\alografico\Origem.cpp(78): warning C4244: 'argument': conversion from 'double' to 'GLfloat', possible loss of data
C:\Users\MicaelPlayer\Desktop\Files\IFC\Grafica\alografico\alografico\Origem.cpp(95): warning C4244: '=': conversion from 'double' to 'GLfloat', possible loss of data
C:\Users\MicaelPlayer\Desktop\Files\IFC\Grafica\alografico\alografico\Origem.cpp(96): warning C4244: 'argument': conversion from 'double' to 'GLfloat', possible loss of data
C:\Users\MicaelPlayer\Desktop\Files\IFC\Grafica\alografico\alografico\Origem.cpp(105): warning C4244: '=': conversion from 'double' to 'GLfloat', possible loss of data
C:\Users\MicaelPlayer\Desktop\Files\IFC\Grafica\alografico\alografico\Origem.cpp(106): warning C4244: 'argument': conversion from 'double' to 'GLfloat', possible loss of data
C:\Users\MicaelPlayer\Desktop\Files\IFC\Grafica\alografico\alografico\Origem.cpp(130): warning C4244: '=': conversion from 'double' to 'GLfloat', possible loss of data
C:\Users\MicaelPlayer\Desktop\Files\IFC\Grafica\alografico\alografico\Origem.cpp(131): warning C4244: 'argument': conversion from 'double' to 'GLfloat', possible loss of data
C:\Users\MicaelPlayer\Desktop\Files\IFC\Grafica\alografico\alografico\Origem.cpp(143): warning C4244: '=': conversion from 'double' to 'GLfloat', possible loss of data
C:\Users\MicaelPlayer\Desktop\Files\IFC\Grafica\alografico\alografico\Origem.cpp(144): warning C4244: 'argument': conversion from 'double' to 'GLfloat', possible loss of data
C:\Users\MicaelPlayer\Desktop\Files\IFC\Grafica\alografico\alografico\Origem.cpp(148): warning C4305: 'argument': truncation from 'double' to 'GLfloat'
C:\Users\MicaelPlayer\Desktop\Files\IFC\Grafica\alografico\alografico\Origem.cpp(151): warning C4244: '=': conversion from 'double' to 'GLfloat', possible loss of data
C:\Users\MicaelPlayer\Desktop\Files\IFC\Grafica\alografico\alografico\Origem.cpp(152): warning C4244: 'argument': conversion from 'double' to 'GLfloat', possible loss of data
C:\Users\MicaelPlayer\Desktop\Files\IFC\Grafica\alografico\alografico\Origem.cpp(162): warning C4244: '=': conversion from 'double' to 'GLfloat', possible loss of data
C:\Users\MicaelPlayer\Desktop\Files\IFC\Grafica\alografico\alografico\Origem.cpp(163): warning C4244: 'argument': conversion from 'double' to 'GLfloat', possible loss of data
C:\Users\MicaelPlayer\Desktop\Files\IFC\Grafica\alografico\alografico\Origem.cpp(171): warning C4244: '=': conversion from 'double' to 'GLfloat', possible loss of data
C:\Users\MicaelPlayer\Desktop\Files\IFC\Grafica\alografico\alografico\Origem.cpp(172): warning C4244: 'argument': conversion from 'double' to 'GLfloat', possible loss of data
C:\Users\MicaelPlayer\Desktop\Files\IFC\Grafica\alografico\alografico\Origem.cpp(177): warning C4305: 'argument': truncation from 'double' to 'GLfloat'
C:\Users\MicaelPlayer\Desktop\Files\IFC\Grafica\alografico\alografico\Origem.cpp(180): warning C4244: '=': conversion from 'double' to 'GLfloat', possible loss of data
C:\Users\MicaelPlayer\Desktop\Files\IFC\Grafica\alografico\alografico\Origem.cpp(181): warning C4244: 'argument': conversion from 'double' to 'GLfloat', possible loss of data
C:\Users\MicaelPlayer\Desktop\Files\IFC\Grafica\alografico\alografico\Origem.cpp(189): warning C4244: '=': conversion from 'double' to 'GLfloat', possible loss of data
C:\Users\MicaelPlayer\Desktop\Files\IFC\Grafica\alografico\alografico\Origem.cpp(190): warning C4244: 'argument': conversion from 'double' to 'GLfloat', possible loss of data
C:\Users\MicaelPlayer\Desktop\Files\IFC\Grafica\alografico\alografico\Origem.cpp(196): warning C4244: '=': conversion from 'double' to 'GLfloat', possible loss of data
C:\Users\MicaelPlayer\Desktop\Files\IFC\Grafica\alografico\alografico\Origem.cpp(197): warning C4244: 'argument': conversion from 'double' to 'GLfloat', possible loss of data
C:\Users\MicaelPlayer\Desktop\Files\IFC\Grafica\alografico\alografico\Origem.cpp(205): warning C4244: '=': conversion from 'double' to 'GLfloat', possible loss of data
C:\Users\MicaelPlayer\Desktop\Files\IFC\Grafica\alografico\alografico\Origem.cpp(206): warning C4244: 'argument': conversion from 'double' to 'GLfloat', possible loss of data
C:\Users\MicaelPlayer\Desktop\Files\IFC\Grafica\alografico\alografico\Origem.cpp(212): warning C4244: '=': conversion from 'double' to 'GLfloat', possible loss of data
C:\Users\MicaelPlayer\Desktop\Files\IFC\Grafica\alografico\alografico\Origem.cpp(213): warning C4244: 'argument': conversion from 'double' to 'GLfloat', possible loss of data
C:\Users\MicaelPlayer\Desktop\Files\IFC\Grafica\alografico\alografico\Origem.cpp(222): warning C4244: '=': conversion from 'double' to 'GLfloat', possible loss of data
C:\Users\MicaelPlayer\Desktop\Files\IFC\Grafica\alografico\alografico\Origem.cpp(223): warning C4244: 'argument': conversion from 'double' to 'GLfloat', possible loss of data
C:\Users\MicaelPlayer\Desktop\Files\IFC\Grafica\alografico\alografico\Origem.cpp(226): warning C4305: 'argument': truncation from 'double' to 'GLfloat'
C:\Users\MicaelPlayer\Desktop\Files\IFC\Grafica\alografico\alografico\Origem.cpp(230): warning C4244: '=': conversion from 'double' to 'GLfloat', possible loss of data
C:\Users\MicaelPlayer\Desktop\Files\IFC\Grafica\alografico\alografico\Origem.cpp(231): warning C4244: 'argument': conversion from 'double' to 'GLfloat', possible loss of data
C:\Users\MicaelPlayer\Desktop\Files\IFC\Grafica\alografico\alografico\Origem.cpp(239): warning C4244: '=': conversion from 'double' to 'GLfloat', possible loss of data
C:\Users\MicaelPlayer\Desktop\Files\IFC\Grafica\alografico\alografico\Origem.cpp(240): warning C4244: 'argument': conversion from 'double' to 'GLfloat', possible loss of data
C:\Users\MicaelPlayer\Desktop\Files\IFC\Grafica\alografico\alografico\Origem.cpp(243): warning C4305: 'argument': truncation from 'double' to 'GLfloat'
C:\Users\MicaelPlayer\Desktop\Files\IFC\Grafica\alografico\alografico\Origem.cpp(247): warning C4244: '=': conversion from 'double' to 'GLfloat', possible loss of data
C:\Users\MicaelPlayer\Desktop\Files\IFC\Grafica\alografico\alografico\Origem.cpp(248): warning C4244: 'argument': conversion from 'double' to 'GLfloat', possible loss of data
C:\Users\MicaelPlayer\Desktop\Files\IFC\Grafica\alografico\alografico\Origem.cpp(257): warning C4244: '=': conversion from 'double' to 'GLfloat', possible loss of data
C:\Users\MicaelPlayer\Desktop\Files\IFC\Grafica\alografico\alografico\Origem.cpp(258): warning C4244: 'argument': conversion from 'double' to 'GLfloat', possible loss of data
C:\Users\MicaelPlayer\Desktop\Files\IFC\Grafica\alografico\alografico\Origem.cpp(264): warning C4244: '=': conversion from 'double' to 'GLfloat', possible loss of data
C:\Users\MicaelPlayer\Desktop\Files\IFC\Grafica\alografico\alografico\Origem.cpp(265): warning C4244: 'argument': conversion from 'double' to 'GLfloat', possible loss of data
C:\Users\MicaelPlayer\Desktop\Files\IFC\Grafica\alografico\alografico\Origem.cpp(271): warning C4305: 'argument': truncation from 'double' to 'GLfloat'
C:\Users\MicaelPlayer\Desktop\Files\IFC\Grafica\alografico\alografico\Origem.cpp(275): warning C4244: '=': conversion from 'double' to 'GLfloat', possible loss of data
C:\Users\MicaelPlayer\Desktop\Files\IFC\Grafica\alografico\alografico\Origem.cpp(276): warning C4244: 'argument': conversion from 'double' to 'GLfloat', possible loss of data
C:\Users\MicaelPlayer\Desktop\Files\IFC\Grafica\alografico\alografico\Origem.cpp(286): warning C4244: '=': conversion from 'double' to 'GLfloat', possible loss of data
C:\Users\MicaelPlayer\Desktop\Files\IFC\Grafica\alografico\alografico\Origem.cpp(287): warning C4244: 'argument': conversion from 'double' to 'GLfloat', possible loss of data
C:\Users\MicaelPlayer\Desktop\Files\IFC\Grafica\alografico\alografico\Origem.cpp(293): warning C4244: '=': conversion from 'double' to 'GLfloat', possible loss of data
C:\Users\MicaelPlayer\Desktop\Files\IFC\Grafica\alografico\alografico\Origem.cpp(294): warning C4244: 'argument': conversion from 'double' to 'GLfloat', possible loss of data
C:\Users\MicaelPlayer\Desktop\Files\IFC\Grafica\alografico\alografico\Origem.cpp(300): warning C4305: 'argument': truncation from 'double' to 'GLfloat'
C:\Users\MicaelPlayer\Desktop\Files\IFC\Grafica\alografico\alografico\Origem.cpp(304): warning C4244: '=': conversion from 'double' to 'GLfloat', possible loss of data
C:\Users\MicaelPlayer\Desktop\Files\IFC\Grafica\alografico\alografico\Origem.cpp(305): warning C4244: 'argument': conversion from 'double' to 'GLfloat', possible loss of data
  alografico.vcxproj -> C:\Users\MicaelPlayer\Desktop\Files\IFC\Grafica\alografico\Debug\alografico.exe
